[2026-03-10 12:26:02] [INFO] [main] === OXYON v2.0.4 START ===
[2026-03-10 12:26:02] [INFO] [main] binaries::extraire_deps | dossier temp="C:\\Users\\peter\\AppData\\Local\\Temp\\oxyon_tools"
[2026-03-10 12:26:02] [INFO] [main] binaries::extraire_deps | déjà présent ffmpeg.exe
[2026-03-10 12:26:02] [INFO] [main] binaries::extraire_deps | déjà présent ffprobe.exe
[2026-03-10 12:26:02] [INFO] [main] binaries::extraire_deps | déjà présent mkvpropedit.exe
[2026-03-10 12:26:05] [INFO] [main] === OXYON FERMETURE ===
[2026-03-10 17:36:46] [INFO] [main] === OXYON v2.0.4 START ===
[2026-03-10 17:36:46] [INFO] [main] binaries::extraire_deps | dossier temp="C:\\Users\\peter\\AppData\\Local\\Temp\\oxyon_tools"
[2026-03-10 17:36:47] [INFO] [main] binaries::extraire_deps | extrait ffmpeg.exe
[2026-03-10 17:36:47] [INFO] [main] binaries::extraire_deps | extrait ffprobe.exe
[2026-03-10 17:36:47] [INFO] [main] binaries::extraire_deps | extrait mkvpropedit.exe
[2026-03-10 17:42:39] [INFO] [main] === OXYON FERMETURE ===
[2026-03-19 16:23:35] [INFO] [main] === OXYON v2.0.4 START ===
[2026-03-19 16:23:35] [INFO] [main] binaries::extraire_deps | dossier temp="C:\\Users\\peter\\AppData\\Local\\Temp\\oxyon_tools"
[2026-03-19 16:23:37] [INFO] [main] binaries::extraire_deps | extrait ffmpeg.exe
[2026-03-19 16:23:38] [INFO] [main] binaries::extraire_deps | extrait ffprobe.exe
[2026-03-19 16:23:38] [INFO] [main] binaries::extraire_deps | extrait mkvpropedit.exe
[2026-03-19 16:23:46] [INFO] [main] === OXYON FERMETURE ===
[2026-03-23 08:54:04] [INFO] [main] === OXYON v2.0.5 START ===
[2026-03-23 08:54:04] [INFO] [main] binaries::extraire_deps | dossier temp="C:\\Users\\peter\\AppData\\Local\\Temp\\oxyon_tools"
[2026-03-23 08:54:05] [INFO] [main] binaries::extraire_deps | extrait ffmpeg.exe
[2026-03-23 08:54:06] [INFO] [main] binaries::extraire_deps | extrait ffprobe.exe
[2026-03-23 08:54:06] [INFO] [main] binaries::extraire_deps | extrait mkvpropedit.exe
[2026-03-23 08:54:12] [INFO] [main] === OXYON FERMETURE ===
[2026-03-24 10:28:39] [INFO] [main] === OXYON v2.0.5 START ===
[2026-03-24 10:28:39] [INFO] [main] binaries::extraire_deps | dossier temp="C:\\Users\\peter\\AppData\\Local\\Temp\\oxyon_tools"
[2026-03-24 10:28:41] [INFO] [main] binaries::extraire_deps | extrait ffmpeg.exe
[2026-03-24 10:28:42] [INFO] [main] binaries::extraire_deps | extrait ffprobe.exe
[2026-03-24 10:28:42] [INFO] [main] binaries::extraire_deps | extrait mkvpropedit.exe
[2026-03-24 10:29:52] [INFO] [main] === OXYON FERMETURE ===
